# JRE version: OpenJDK Runtime Environment Temurin-21.0.11+10 (21.0.11+10) (build 21.0.11+10-LTS)
# Java VM: OpenJDK 64-Bit Server VM Temurin-21.0.11+10 (21.0.11+10-LTS, mixed mode, sharing, tiered, compressed oops, compressed class ptrs, g1 gc, windows-amd64)
GC Precious Log:
 CardTable entry size: 512
 Card Set container configuration: InlinePtr #cards 5 size 8 Array Of Cards #cards 12 size 40 Howl #buckets 4 coarsen threshold 1843 Howl Bitmap #cards 512 size 80 coarsen threshold 460 Card regions per heap region 1 cards per card region 2048
 CPUs: 8 total, 8 available
 Memory: 16167M
 Large Page Support: Disabled
 NUMA Support: Disabled
 Compressed Oops: Enabled (32-bit)
 Heap Region Size: 1M
 Heap Min Capacity: 256M
 Heap Initial Capacity: 256M
 Heap Max Capacity: 512M
 Pre-touch: Disabled
 Parallel Workers: 8
 Concurrent Workers: 2
 Concurrent Refinement Workers: 8
 Periodic GC: Disabled
Heap:
 garbage-first heap   total 262144K, used 187120K [0x00000000e0000000, 0x0000000100000000)
  region size 1024K, 108 young (110592K), 17 survivors (17408K)
 Metaspace       used 113770K, committed 115840K, reserved 458752K
  class space    used 14875K, committed 15872K, reserved 327680K
GC Heap History (20 events):
Event: 234.490 GC heap before
{Heap before GC invocations=51 (full 0):
 garbage-first heap   total 262144K, used 236033K [0x00000000e0000000, 0x0000000100000000)
  region size 1024K, 153 young (156672K), 9 survivors (9216K)
 Metaspace       used 54930K, committed 56448K, reserved 393216K
  class space    used 7639K, committed 8384K, reserved 327680K
}
Event: 234.494 GC heap after
{Heap after GC invocations=52 (full 0):
 garbage-first heap   total 262144K, used 78463K [0x00000000e0000000, 0x0000000100000000)
  region size 1024K, 6 young (6144K), 6 survivors (6144K)
 Metaspace       used 54930K, committed 56448K, reserved 393216K
  class space    used 7639K, committed 8384K, reserved 327680K
}
Event: 235.958 GC heap before
{Heap before GC invocations=52 (full 0):
 garbage-first heap   total 262144K, used 228991K [0x00000000e0000000, 0x0000000100000000)
  region size 1024K, 153 young (156672K), 6 survivors (6144K)
 Metaspace       used 54931K, committed 56448K, reserved 393216K
  class space    used 7639K, committed 8384K, reserved 327680K
}
Event: 235.964 GC heap after
{Heap after GC invocations=53 (full 0):
 garbage-first heap   total 262144K, used 80612K [0x00000000e0000000, 0x0000000100000000)
  region size 1024K, 7 young (7168K), 7 survivors (7168K)
 Metaspace       used 54931K, committed 56448K, reserved 393216K
  class space    used 7639K, committed 8384K, reserved 327680K
}
Event: 237.031 GC heap before
{Heap before GC invocations=53 (full 0):
 garbage-first heap   total 262144K, used 230116K [0x00000000e0000000, 0x0000000100000000)
  region size 1024K, 153 young (156672K), 7 survivors (7168K)
 Metaspace       used 54933K, committed 56448K, reserved 393216K
  class space    used 7639K, committed 8384K, reserved 327680K
}
Event: 237.038 GC heap after
{Heap after GC invocations=54 (full 0):
 garbage-first heap   total 262144K, used 83030K [0x00000000e0000000, 0x0000000100000000)
  region size 1024K, 9 young (9216K), 9 survivors (9216K)
 Metaspace       used 54933K, committed 56448K, reserved 393216K
  class space    used 7639K, committed 8384K, reserved 327680K
}
Event: 238.333 GC heap before
{Heap before GC invocations=54 (full 0):
 garbage-first heap   total 262144K, used 230486K [0x00000000e0000000, 0x0000000100000000)
  region size 1024K, 153 young (156672K), 9 survivors (9216K)
 Metaspace       used 54933K, committed 56448K, reserved 393216K
  class space    used 7639K, committed 8384K, reserved 327680K
}
Event: 238.338 GC heap after
{Heap after GC invocations=55 (full 0):
 garbage-first heap   total 262144K, used 85253K [0x00000000e0000000, 0x0000000100000000)
  region size 1024K, 11 young (11264K), 11 survivors (11264K)
 Metaspace       used 54933K, committed 56448K, reserved 393216K
  class space    used 7639K, committed 8384K, reserved 327680K
}
Event: 246.600 GC heap before
{Heap before GC invocations=55 (full 0):
 garbage-first heap   total 262144K, used 237829K [0x00000000e0000000, 0x0000000100000000)
  region size 1024K, 153 young (156672K), 11 survivors (11264K)
 Metaspace       used 55030K, committed 56640K, reserved 393216K
  class space    used 7652K, committed 8448K, reserved 327680K
}
Event: 246.604 GC heap after
{Heap after GC invocations=56 (full 0):
 garbage-first heap   total 262144K, used 70482K [0x00000000e0000000, 0x0000000100000000)
  region size 1024K, 3 young (3072K), 3 survivors (3072K)
 Metaspace       used 55030K, committed 56640K, reserved 393216K
  class space    used 7652K, committed 8448K, reserved 327680K
}
Event: 251.474 GC heap before
{Heap before GC invocations=56 (full 0):
 garbage-first heap   total 262144K, used 225106K [0x00000000e0000000, 0x0000000100000000)
  region size 1024K, 153 young (156672K), 3 survivors (3072K)
 Metaspace       used 55041K, committed 56640K, reserved 393216K
  class space    used 7652K, committed 8448K, reserved 327680K
}
Event: 251.478 GC heap after
{Heap after GC invocations=57 (full 0):
 garbage-first heap   total 262144K, used 69552K [0x00000000e0000000, 0x0000000100000000)
  region size 1024K, 2 young (2048K), 2 survivors (2048K)
 Metaspace       used 55041K, committed 56640K, reserved 393216K
  class space    used 7652K, committed 8448K, reserved 327680K
}
Event: 259.323 GC heap before
{Heap before GC invocations=57 (full 0):
 garbage-first heap   total 262144K, used 132016K [0x00000000e0000000, 0x0000000100000000)
  region size 1024K, 64 young (65536K), 2 survivors (2048K)
 Metaspace       used 59714K, committed 61248K, reserved 393216K
  class space    used 8700K, committed 9472K, reserved 327680K
}
Event: 259.326 GC heap after
{Heap after GC invocations=58 (full 0):
 garbage-first heap   total 262144K, used 70234K [0x00000000e0000000, 0x0000000100000000)
  region size 1024K, 2 young (2048K), 2 survivors (2048K)
 Metaspace       used 59714K, committed 61248K, reserved 393216K
  class space    used 8700K, committed 9472K, reserved 327680K
}
Event: 279.527 GC heap before
{Heap before GC invocations=59 (full 0):
 garbage-first heap   total 262144K, used 234074K [0x00000000e0000000, 0x0000000100000000)
  region size 1024K, 153 young (156672K), 2 survivors (2048K)
 Metaspace       used 76731K, committed 78336K, reserved 458752K
  class space    used 10775K, committed 11584K, reserved 327680K
}
Event: 279.544 GC heap after
{Heap after GC invocations=60 (full 0):
 garbage-first heap   total 262144K, used 87410K [0x00000000e0000000, 0x0000000100000000)
  region size 1024K, 16 young (16384K), 16 survivors (16384K)
 Metaspace       used 76731K, committed 78336K, reserved 458752K
  class space    used 10775K, committed 11584K, reserved 327680K
}
Event: 298.830 GC heap before
{Heap before GC invocations=60 (full 0):
 garbage-first heap   total 262144K, used 228722K [0x00000000e0000000, 0x0000000100000000)
  region size 1024K, 153 young (156672K), 16 survivors (16384K)
 Metaspace       used 91678K, committed 93696K, reserved 458752K
  class space    used 12500K, committed 13504K, reserved 327680K
}
Event: 298.855 GC heap after
{Heap after GC invocations=61 (full 0):
 garbage-first heap   total 262144K, used 88922K [0x00000000e0000000, 0x0000000100000000)
  region size 1024K, 10 young (10240K), 10 survivors (10240K)
 Metaspace       used 91678K, committed 93696K, reserved 458752K
  class space    used 12500K, committed 13504K, reserved 327680K
}
Event: 313.438 GC heap before
{Heap before GC invocations=61 (full 0):
 garbage-first heap   total 262144K, used 188250K [0x00000000e0000000, 0x0000000100000000)
  region size 1024K, 108 young (110592K), 10 survivors (10240K)
 Metaspace       used 100256K, committed 102208K, reserved 458752K
  class space    used 13395K, committed 14336K, reserved 327680K
}
Event: 313.452 GC heap after
{Heap after GC invocations=62 (full 0):
 garbage-first heap   total 262144K, used 95984K [0x00000000e0000000, 0x0000000100000000)
  region size 1024K, 17 young (17408K), 17 survivors (17408K)
 Metaspace       used 100256K, committed 102208K, reserved 458752K
  class space    used 13395K, committed 14336K, reserved 327680K
}

